<?xml version="1.0" encoding="UTF-8"?>
<!-- Generated by org.testng.reporters.JUnitReportReporter -->
<testsuite hostname="DESKTOP-510IN1N" failures="0" tests="1" name="hanss_rh_framework.eCommerce_tc4_cart_list_validation" time="28.417" errors="0" timestamp="2024-02-05T23:51:48 IST" skipped="0">
  <testcase classname="hanss_rh_framework.eCommerce_tc4_cart_list_validation" name="SearchAddProductValidateinCart" time="28.417"/>
</testsuite> <!-- hanss_rh_framework.eCommerce_tc4_cart_list_validation -->
