<?xml version="1.0" encoding="UTF-8"?>
<!-- Generated by org.testng.reporters.JUnitReportReporter -->
<testsuite hostname="DESKTOP-510IN1N" failures="0" tests="1" name="hanss_rh_framework.eCommerce_tc2" time="14.863" errors="0" timestamp="2023-11-30T00:44:03 IST" skipped="0">
  <testcase classname="hanss_rh_framework.eCommerce_tc2" name="FillForm_PositiveFlow" time="14.863"/>
</testsuite> <!-- hanss_rh_framework.eCommerce_tc2 -->
