<?xml version="1.0" encoding="UTF-8"?>
<!-- Generated by org.testng.reporters.JUnitReportReporter -->
<testsuite hostname="DESKTOP-70L4U6R" failures="0" tests="1" name="hanss_rh_framework.Onboarding1" time="491.245" errors="0" timestamp="2024-07-16T15:37:01 IST" skipped="0">
  <testcase classname="hanss_rh_framework.Onboarding1" name="SelectAspirations" time="491.245"/>
  <system-out/>
</testsuite> <!-- hanss_rh_framework.Onboarding1 -->
